[ 1719.950950] sudo 1758
[ 1719.950951] insmod 1759
[ 1727.561851] Unloaded sviprocesi
[ 4835.207286] Loaded sviprocesi
[ 4835.207290] systemd 1 120
[ 4835.207292] kthreadd 2 120
[ 4835.207293] pool_workqueue_ 3 120
[ 4835.207294] kworker/R-kvfre 4 100
[ 4835.207295] kworker/R-rcu_g 5 100
[ 4835.207296] kworker/R-sync_ 6 100
[ 4835.207297] kworker/R-slub_ 7 100
[ 4835.207297] kworker/R-netns 8 100
[ 4835.207298] kworker/0:1 10 120
[ 4835.207299] kworker/R-mm_pe 13 100
[ 4835.207300] rcu_tasks_kthre 14 120
[ 4835.207301] rcu_tasks_rude_ 15 120
[ 4835.207301] rcu_tasks_trace 16 120
[ 4835.207302] ksoftirqd/0 17 120
[ 4835.207303] rcu_preempt 18 120
[ 4835.207304] rcu_exp_par_gp_ 19 120
[ 4835.207305] rcu_exp_gp_kthr 20 120
[ 4835.207305] migration/0 21 0
[ 4835.207306] idle_inject/0 22 49
[ 4835.207307] cpuhp/0 23 120
[ 4835.207308] kdevtmpfs 25 120
[ 4835.207309] kworker/R-inet_ 26 100
[ 4835.207309] kauditd 27 120
[ 4835.207310] khungtaskd 28 120
[ 4835.207311] kworker/u4:1 29 120
[ 4835.207312] oom_reaper 30 120
[ 4835.207313] kworker/R-write 32 100
[ 4835.207313] kcompactd0 33 120
[ 4835.207314] ksmd 34 125
[ 4835.207315] khugepaged 35 139
[ 4835.207316] kworker/R-kinte 36 100
[ 4835.207316] kworker/R-kbloc 37 100
[ 4835.207317] kworker/R-blkcg 38 100
[ 4835.207318] irq/9-acpi 39 49
[ 4835.207318] kworker/R-tpm_d 40 100
[ 4835.207319] kworker/R-edac- 41 100
[ 4835.207320] kworker/R-devfr 42 100
[ 4835.207321] kworker/R-quota 43 100
[ 4835.207321] kworker/0:1H 44 100
[ 4835.207322] kswapd0 45 120
[ 4835.207323] kworker/R-kthro 52 100
[ 4835.207324] kworker/R-acpi_ 56 100
[ 4835.207325] kworker/R-mld 57 100
[ 4835.207325] kworker/R-ipv6_ 58 100
[ 4835.207326] kworker/R-kstrp 63 100
[ 4835.207327] kworker/u5:0 65 100
[ 4835.207328] kworker/0:2 174 120
[ 4835.207329] kworker/R-ata_s 177 100
[ 4835.207329] scsi_eh_0 178 120
[ 4835.207330] kworker/R-scsi_ 179 100
[ 4835.207331] scsi_eh_1 180 120
[ 4835.207332] kworker/R-scsi_ 181 100
[ 4835.207332] scsi_eh_2 183 120
[ 4835.207333] kworker/R-scsi_ 184 100
[ 4835.207334] kworker/0:2H 186 100
[ 4835.207335] jbd2/sda1-8 217 120
[ 4835.207335] kworker/R-ext4- 218 100
[ 4835.207337] systemd-journal 261 120
[ 4835.207337] systemd-timesyn 305 120
[ 4835.207338] systemd-udevd 314 120
[ 4835.207339] psimon 319 98
[ 4835.207340] kworker/R-crypt 354 100
[ 4835.207341] irq/18-vmwgfx 413 49
[ 4835.207341] kworker/R-ttm 417 100
[ 4835.207342] cron 553 120
[ 4835.207343] dbus-daemon 554 120
[ 4835.207344] systemd-logind 559 120
[ 4835.207345] dhcpcd 596 120
[ 4835.207346] dhcpcd 597 120
[ 4835.207346] dhcpcd 598 120
[ 4835.207347] dhcpcd 599 120
[ 4835.207348] kworker/R-cfg80 604 100
[ 4835.207349] dhcpcd 614 120
[ 4835.207349] dhcpcd 615 120
[ 4835.207350] dhcpcd 636 120
[ 4835.207351] agetty 649 120
[ 4835.207351] sshd 651 120
[ 4835.207352] sshd-session 654 120
[ 4835.207353] psimon 659 98
[ 4835.207354] systemd 661 120
[ 4835.207354] (sd-pam) 663 120
[ 4835.207355] sshd-session 676 120
[ 4835.207356] bash 677 120
[ 4835.207357] tmux: client 681 120
[ 4835.207357] tmux: server 683 120
[ 4835.207358] bash 684 120
[ 4835.207359] dbus-daemon 685 120
[ 4835.207360] bash 689 120
[ 4835.207361] micro 975 120
[ 4835.207362] kworker/u4:3 1421 120
[ 4835.207362] kworker/u4:0 1751 120
[ 4835.207363] kworker/0:0 2140 120
[ 4835.207364] sudo 2145 120
[ 4835.207365] sudo 2149 120
[ 4835.207366] insmod 2150 120
[ 4844.931678] Unloaded sviprocesi
